 
****************************************
Report : multibit banking
Design : j1_wb
Version: N-2017.09-SP2
Date   : Thu Dec 14 13:27:29 2017
****************************************

Total number of sequential cells:                                 1066
    Number of single-bit flip-flops:                              1066
    Number of single-bit latches:                                    0
    Number of multi-bit flip-flops:                                  0
    Number of multi-bit latches:                                     0

Total number of single-bit equivalent sequential cells:           1066
    (A) Single-bit flip-flops:                                    1066
    (B) Single-bit latches:                                          0
    (C) Multi-bit flip-flops:                                        0
    (D) Multi-bit latches:                                           0

Sequential cells banking ratio ((C + D) / (A + B + C + D)):       0.00%
Flip-Flop cells banking ratio  ((C) / (A + C)):                   0.00%

Multi-bit Register Decomposition:
--------------------------------------------------------------------------------
Bit-Width Reference                 Number of instances    Single-bit Equivalent
--------------------------------------------------------------------------------
--------------------------------------------------------------------------------
1
